{
  "stats": {
    "suites": 2,
    "tests": 2,
    "passes": 2,
    "pending": 0,
    "failures": 0,
    "start": "2022-12-02T14:28:46.893Z",
    "end": "2022-12-02T14:28:58.921Z",
    "duration": 10071,
    "testsRegistered": 2,
    "passPercent": 100,
    "pendingPercent": 0,
    "other": 0,
    "hasOther": false,
    "skipped": 0,
    "hasSkipped": false
  },
  "results": [
    {
      "uuid": "fb145958-7752-45a8-ab26-18dfc366e5df",
      "title": "",
      "fullFile": "cypress/e2e/secondTest.cy.js",
      "file": "cypress/e2e/secondTest.cy.js",
      "beforeHooks": [],
      "afterHooks": [],
      "tests": [],
      "suites": [
        {
          "uuid": "acc257d6-5f5f-429b-bb90-bcb21361e087",
          "title": "test log out",
          "fullFile": "",
          "file": "",
          "beforeHooks": [],
          "afterHooks": [],
          "tests": [
            {
              "title": "verify logging out",
              "fullTitle": "test log out verify logging out",
              "timedOut": null,
              "duration": 2644,
              "state": "passed",
              "speed": "fast",
              "pass": true,
              "fail": false,
              "pending": false,
              "context": null,
              "code": "cy.contains(\"Settings\").click();\ncy.contains(\"Or click here to logout\").click();\ncy.get(\".navbar-nav\").should(\"contain\", \"Sign up\");",
              "err": {},
              "uuid": "7b9214d4-e22c-46a6-8abc-a01c1f02d60a",
              "parentUUID": "acc257d6-5f5f-429b-bb90-bcb21361e087",
              "isHook": false,
              "skipped": false
            }
          ],
          "suites": [],
          "passes": [
            "7b9214d4-e22c-46a6-8abc-a01c1f02d60a"
          ],
          "failures": [],
          "pending": [],
          "skipped": [],
          "duration": 2644,
          "root": false,
          "rootEmpty": false,
          "_timeout": 2000
        }
      ],
      "passes": [],
      "failures": [],
      "pending": [],
      "skipped": [],
      "duration": 0,
      "root": true,
      "rootEmpty": true,
      "_timeout": 2000
    },
    {
      "uuid": "e2725292-ae46-4a88-a745-d814ebcaf4b1",
      "title": "",
      "fullFile": "cypress/e2e/firstTest.cy.js",
      "file": "cypress/e2e/firstTest.cy.js",
      "beforeHooks": [],
      "afterHooks": [],
      "tests": [],
      "suites": [
        {
          "uuid": "1e411ddc-b41b-46fc-a596-86c061699f3c",
          "title": "test with backend",
          "fullFile": "",
          "file": "",
          "beforeHooks": [],
          "afterHooks": [],
          "tests": [
            {
              "title": "delete a new article in a global feed",
              "fullTitle": "test with backend delete a new article in a global feed",
              "timedOut": null,
              "duration": 7427,
              "state": "passed",
              "speed": "medium",
              "pass": true,
              "fail": false,
              "pending": false,
              "context": null,
              "code": "const bodyRequest = {\n  article: {\n    tagList: [],\n    title: \"some title\",\n    description: \"some description\",\n    body: \"some body\"\n  }\n};\ncy.get(\"@token\").then(token => {\n  cy.request({\n    url: Cypress.env(\"apiUrl\") + \"/api/articles/\",\n    headers: {\n      Authorization: \"Token \" + token\n    },\n    method: \"POST\",\n    body: bodyRequest\n  }).then(response => {\n    expect(response.status).to.equal(200);\n  });\n  cy.contains(\"Global Feed\").click();\n  cy.get(\".article-preview\").first().click();\n  cy.get(\".article-actions\").contains(\"Delete Article\").click();\n  cy.request({\n    url: Cypress.env(\"apiUrl\") + \"/api/articles?limit=10&offset=0\",\n    headers: {\n      Authorization: \"Token \" + token\n    },\n    method: \"GET\"\n  }).its(\"body\").then(body => {\n    cy.wait(20);\n    expect(body.articles[0].title).not.to.equal(\"some title\");\n  });\n});",
              "err": {},
              "uuid": "d19c1c11-dbdd-432b-8345-7eef6c970e37",
              "parentUUID": "1e411ddc-b41b-46fc-a596-86c061699f3c",
              "isHook": false,
              "skipped": false
            }
          ],
          "suites": [],
          "passes": [
            "d19c1c11-dbdd-432b-8345-7eef6c970e37"
          ],
          "failures": [],
          "pending": [],
          "skipped": [],
          "duration": 7427,
          "root": false,
          "rootEmpty": false,
          "_timeout": 2000
        }
      ],
      "passes": [],
      "failures": [],
      "pending": [],
      "skipped": [],
      "duration": 0,
      "root": true,
      "rootEmpty": true,
      "_timeout": 2000
    }
  ],
  "meta": {
    "mocha": {
      "version": "7.0.1"
    },
    "mochawesome": {
      "options": {
        "quiet": false,
        "reportFilename": "mochawesome",
        "saveHtml": false,
        "saveJson": true,
        "consoleReporter": "spec",
        "useInlineDiffs": false,
        "code": true
      },
      "version": "7.1.3"
    },
    "marge": {
      "options": {
        "id": "default",
        "reportDir": "cypress/results/mochawesome",
        "overwrite": false,
        "html": false,
        "json": true
      },
      "version": "6.2.0"
    }
  }
}