{
  "stats": {
    "suites": 1,
    "tests": 1,
    "passes": 1,
    "pending": 0,
    "failures": 0,
    "start": "2022-11-30T19:57:03.317Z",
    "end": "2022-11-30T19:57:07.022Z",
    "duration": 3705,
    "testsRegistered": 1,
    "passPercent": 100,
    "pendingPercent": 0,
    "other": 0,
    "hasOther": false,
    "skipped": 0,
    "hasSkipped": false
  },
  "results": [
    {
      "uuid": "9c45b959-080b-4e71-ad7e-956124b52a5a",
      "title": "",
      "fullFile": "cypress\\e2e\\secondTest.cy.js",
      "file": "cypress\\e2e\\secondTest.cy.js",
      "beforeHooks": [],
      "afterHooks": [],
      "tests": [],
      "suites": [
        {
          "uuid": "37938368-4c1e-4c82-a7fa-55d055aa0a79",
          "title": "test log out",
          "fullFile": "",
          "file": "",
          "beforeHooks": [],
          "afterHooks": [],
          "tests": [
            {
              "title": "verify logging out",
              "fullTitle": "test log out verify logging out",
              "timedOut": null,
              "duration": 3625,
              "state": "passed",
              "speed": "fast",
              "pass": true,
              "fail": false,
              "pending": false,
              "context": null,
              "code": "cy.contains(\"Settings\").click();\ncy.contains(\"Or click here to logout\").click();\ncy.get(\".navbar-nav\").should(\"contain\", \"Sign up\");",
              "err": {},
              "uuid": "7e38f532-76c2-4142-b11e-74339532d066",
              "parentUUID": "37938368-4c1e-4c82-a7fa-55d055aa0a79",
              "isHook": false,
              "skipped": false
            }
          ],
          "suites": [],
          "passes": [
            "7e38f532-76c2-4142-b11e-74339532d066"
          ],
          "failures": [],
          "pending": [],
          "skipped": [],
          "duration": 3625,
          "root": false,
          "rootEmpty": false,
          "_timeout": 2000
        }
      ],
      "passes": [],
      "failures": [],
      "pending": [],
      "skipped": [],
      "duration": 0,
      "root": true,
      "rootEmpty": true,
      "_timeout": 2000
    }
  ],
  "meta": {
    "mocha": {
      "version": "7.0.1"
    },
    "mochawesome": {
      "options": {
        "quiet": false,
        "reportFilename": "mochawesome",
        "saveHtml": false,
        "saveJson": true,
        "consoleReporter": "spec",
        "useInlineDiffs": false,
        "code": true
      },
      "version": "7.1.3"
    },
    "marge": {
      "options": {
        "id": "default",
        "reportDir": "cypress/results/mochawesome",
        "overwrite": false,
        "html": false,
        "json": true
      },
      "version": "6.2.0"
    }
  }
}