<?xml version="1.0" encoding="UTF-8"?>
<testsuites name="Mocha Tests" time="3.705" tests="1" failures="0">
  <testsuite name="Root Suite" timestamp="2022-11-30T19:57:03" tests="0" file="cypress\e2e\secondTest.cy.js" time="0.000" failures="0">
  </testsuite>
  <testsuite name="test log out" timestamp="2022-11-30T19:57:03" tests="1" time="3.653" failures="0">
    <testcase name="test log out verify logging out" time="3.625" classname="verify logging out">
    </testcase>
  </testsuite>
</testsuites>